<?xml version="1.0" encoding="UTF-8"?>
<!-- Generated by org.testng.reporters.JUnitXMLReporter -->
<testsuite hostname="GillesZannou" name="BankingApp Test(failed)" tests="3" failures="3" timestamp="11 Dec 2019 09:28:19 GMT" time="79.036" errors="0">
  <testcase name="loginDDT" time="3.824" classname="com.InetBanking.TestCases.TC_LoginDDT_002">
    <failure type="java.lang.AssertionError" message="expected [true] but found [false]">
      <![CDATA[java.lang.AssertionError: expected [true] but found [false]
	at com.InetBanking.TestCases.TC_LoginDDT_002.loginDDT(TC_LoginDDT_002.java:31)
... Removed 28 stack frames]]>
    </failure>
  </testcase> <!-- loginDDT -->
  <testcase name="loginDDT" time="4.116" classname="com.InetBanking.TestCases.TC_LoginDDT_002">
    <failure type="java.lang.AssertionError" message="expected [true] but found [false]">
      <![CDATA[java.lang.AssertionError: expected [true] but found [false]
	at com.InetBanking.TestCases.TC_LoginDDT_002.loginDDT(TC_LoginDDT_002.java:31)
... Removed 28 stack frames]]>
    </failure>
  </testcase> <!-- loginDDT -->
  <testcase name="loginDDT" time="4.61" classname="com.InetBanking.TestCases.TC_LoginDDT_002">
    <failure type="java.lang.AssertionError" message="expected [true] but found [false]">
      <![CDATA[java.lang.AssertionError: expected [true] but found [false]
	at com.InetBanking.TestCases.TC_LoginDDT_002.loginDDT(TC_LoginDDT_002.java:31)
... Removed 28 stack frames]]>
    </failure>
  </testcase> <!-- loginDDT -->
</testsuite> <!-- BankingApp Test(failed) -->
