<?xml version="1.0" encoding="UTF-8"?>
<!-- Generated by org.testng.reporters.JUnitXMLReporter -->
<testsuite hostname="GillesZannou" name="BankingApp Test" tests="5" failures="3" timestamp="11 Dec 2019 09:26:58 GMT" time="83.464" errors="0">
  <testcase name="loginDDT" time="11.719" classname="com.InetBanking.TestCases.TC_LoginDDT_002"/>
  <testcase name="loginDDT" time="4.829" classname="com.InetBanking.TestCases.TC_LoginDDT_002">
    <failure type="java.lang.AssertionError" message="expected [true] but found [false]">
      <![CDATA[java.lang.AssertionError: expected [true] but found [false]
	at com.InetBanking.TestCases.TC_LoginDDT_002.loginDDT(TC_LoginDDT_002.java:31)
... Removed 28 stack frames]]>
    </failure>
  </testcase> <!-- loginDDT -->
  <testcase name="loginDDT" time="11.429" classname="com.InetBanking.TestCases.TC_LoginDDT_002"/>
  <testcase name="loginDDT" time="4.16" classname="com.InetBanking.TestCases.TC_LoginDDT_002">
    <failure type="java.lang.AssertionError" message="expected [true] but found [false]">
      <![CDATA[java.lang.AssertionError: expected [true] but found [false]
	at com.InetBanking.TestCases.TC_LoginDDT_002.loginDDT(TC_LoginDDT_002.java:31)
... Removed 28 stack frames]]>
    </failure>
  </testcase> <!-- loginDDT -->
  <testcase name="loginDDT" time="4.258" classname="com.InetBanking.TestCases.TC_LoginDDT_002">
    <failure type="java.lang.AssertionError" message="expected [true] but found [false]">
      <![CDATA[java.lang.AssertionError: expected [true] but found [false]
	at com.InetBanking.TestCases.TC_LoginDDT_002.loginDDT(TC_LoginDDT_002.java:31)
... Removed 28 stack frames]]>
    </failure>
  </testcase> <!-- loginDDT -->
</testsuite> <!-- BankingApp Test -->
