<?xml version="1.0" encoding="UTF-8"?>
<testng-results skipped="0" failed="0" total="1" passed="1">
  <reporter-output>
  </reporter-output>
  <suite name="InetBaningV1" duration-ms="50676" started-at="2019-12-14T06:47:10Z" finished-at="2019-12-14T06:48:01Z">
    <groups>
    </groups>
    <test name="BankingApp Test" duration-ms="50676" started-at="2019-12-14T06:47:10Z" finished-at="2019-12-14T06:48:01Z">
      <class name="com.InetBanking.TestCases.TC_LoginTest_001">
        <test-method status="PASS" signature="setUp(java.lang.String)[pri:0, instance:com.InetBanking.TestCases.TC_LoginTest_001@5c3bd550]" name="setUp" is-config="true" duration-ms="28891" started-at="2019-12-14T01:47:11Z" finished-at="2019-12-14T01:47:40Z">
          <params>
            <param index="0">
              <value>
                <![CDATA[firefox]]>
              </value>
            </param>
          </params>
          <reporter-output>
          </reporter-output>
        </test-method> <!-- setUp -->
        <test-method status="PASS" signature="loginTest()[pri:0, instance:com.InetBanking.TestCases.TC_LoginTest_001@5c3bd550]" name="loginTest" duration-ms="9085" started-at="2019-12-14T01:47:40Z" finished-at="2019-12-14T01:47:49Z">
          <reporter-output>
          </reporter-output>
        </test-method> <!-- loginTest -->
        <test-method status="PASS" signature="tearDown()[pri:0, instance:com.InetBanking.TestCases.TC_LoginTest_001@5c3bd550]" name="tearDown" is-config="true" duration-ms="11926" started-at="2019-12-14T01:47:49Z" finished-at="2019-12-14T01:48:01Z">
          <reporter-output>
          </reporter-output>
        </test-method> <!-- tearDown -->
      </class> <!-- com.InetBanking.TestCases.TC_LoginTest_001 -->
    </test> <!-- BankingApp Test -->
  </suite> <!-- InetBaningV1 -->
</testng-results>
